<?xml version="1.0" encoding="UTF-8"?>
<!-- Generated by org.testng.reporters.JUnitXMLReporter -->
<testsuite hostname="DESKTOP-BHM6V9T" ignored="0" name="Default test" tests="4" failures="0" timestamp="05 Apr 2020 15:07:34 GMT" time="100.532" errors="0">
  <testcase name="OpenJafraWebsite" time="25.774" classname="jafra.library.functions.AllFunctions"/>
  <testcase name="GetUsaPhoneNumber" time="22.819" classname="jafra.library.functions.AllFunctions"/>
  <testcase name="demoMethod" time="18.176" classname="jafra.library.functions.AllFunctions"/>
  <testcase name="demoMethod2" time="16.775" classname="jafra.library.functions.AllFunctions"/>
</testsuite> <!-- Default test -->
