<?xml version="1.0" encoding="UTF-8"?>
<testng-results ignored="0" total="2" passed="2" failed="0" skipped="0">
  <reporter-output>
  </reporter-output>
  <suite started-at="2019-11-28T19:38:15Z" name="Jafra.com" finished-at="2019-11-28T19:39:42Z" duration-ms="86534">
    <groups>
    </groups>
    <test started-at="2019-11-28T19:38:15Z" name="Login Test" finished-at="2019-11-28T19:39:42Z" duration-ms="86534">
      <class name="jafra.library.functions.AllFunctions">
        <test-method signature="OpenJafraWebsite()[pri:1, instance:jafra.library.functions.AllFunctions@77f1baf5]" started-at="2019-11-29T01:08:15Z" name="OpenJafraWebsite" finished-at="2019-11-29T01:09:35Z" duration-ms="79836" status="PASS">
          <reporter-output>
          </reporter-output>
        </test-method> <!-- OpenJafraWebsite -->
        <test-method signature="GetUsaPhoneNumber()[pri:2, instance:jafra.library.functions.AllFunctions@77f1baf5]" started-at="2019-11-29T01:09:35Z" name="GetUsaPhoneNumber" finished-at="2019-11-29T01:09:42Z" duration-ms="6653" status="PASS">
          <reporter-output>
          </reporter-output>
        </test-method> <!-- GetUsaPhoneNumber -->
      </class> <!-- jafra.library.functions.AllFunctions -->
    </test> <!-- Login Test -->
  </suite> <!-- Jafra.com -->
</testng-results>
