<?xml version="1.0" encoding="UTF-8"?>
<testng-results skipped="0" failed="0" ignored="0" total="2" passed="2">
  <reporter-output>
  </reporter-output>
  <suite name="Jafra.com" duration-ms="68665" started-at="2019-12-01T13:04:21Z" finished-at="2019-12-01T13:05:29Z">
    <groups>
    </groups>
    <test name="Login Test" duration-ms="68665" started-at="2019-12-01T13:04:21Z" finished-at="2019-12-01T13:05:29Z">
      <class name="jafra.library.functions.AllFunctions">
        <test-method status="PASS" signature="OpenJafraWebsite()[pri:1, instance:jafra.library.functions.AllFunctions@2c6a3f77]" name="OpenJafraWebsite" duration-ms="57951" started-at="2019-12-01T18:34:21Z" finished-at="2019-12-01T18:35:19Z">
          <reporter-output>
          </reporter-output>
        </test-method> <!-- OpenJafraWebsite -->
        <test-method status="PASS" signature="GetUsaPhoneNumber()[pri:2, instance:jafra.library.functions.AllFunctions@2c6a3f77]" name="GetUsaPhoneNumber" duration-ms="10674" started-at="2019-12-01T18:35:19Z" finished-at="2019-12-01T18:35:29Z">
          <reporter-output>
          </reporter-output>
        </test-method> <!-- GetUsaPhoneNumber -->
      </class> <!-- jafra.library.functions.AllFunctions -->
    </test> <!-- Login Test -->
  </suite> <!-- Jafra.com -->
</testng-results>
