<?xml version="1.0" encoding="UTF-8"?>
<testng-results ignored="0" total="2" passed="2" failed="0" skipped="0">
  <reporter-output>
  </reporter-output>
  <suite started-at="2019-11-24T20:23:50Z" name="Jafra.com" finished-at="2019-11-24T20:24:32Z" duration-ms="42312">
    <groups>
    </groups>
    <test started-at="2019-11-24T20:23:50Z" name="Login Test" finished-at="2019-11-24T20:24:32Z" duration-ms="42312">
      <class name="jafra.library.functions.AllFunctions">
        <test-method signature="OpenJafraWebsite()[pri:1, instance:jafra.library.functions.AllFunctions@192c3f1e]" started-at="2019-11-25T01:53:50Z" name="OpenJafraWebsite" finished-at="2019-11-25T01:54:25Z" duration-ms="34702" status="PASS">
          <reporter-output>
          </reporter-output>
        </test-method> <!-- OpenJafraWebsite -->
        <test-method signature="GetUsaPhoneNumber()[pri:2, instance:jafra.library.functions.AllFunctions@192c3f1e]" started-at="2019-11-25T01:54:25Z" name="GetUsaPhoneNumber" finished-at="2019-11-25T01:54:32Z" duration-ms="7532" status="PASS">
          <reporter-output>
          </reporter-output>
        </test-method> <!-- GetUsaPhoneNumber -->
      </class> <!-- jafra.library.functions.AllFunctions -->
    </test> <!-- Login Test -->
  </suite> <!-- Jafra.com -->
</testng-results>
